<?xml version="1.0" encoding="UTF-8"?>
<testsuite name="com.example.calculator.CalculatorApplicationTests" tests="1" skipped="0" failures="0" errors="0" timestamp="2024-02-03T13:46:36" hostname="llllllllllllllllllll.local" time="0.144">
  <properties/>
  <testcase name="contextLoads()" classname="com.example.calculator.CalculatorApplicationTests" time="0.144"/>
  <system-out><![CDATA[22:46:35.626 [Test worker] DEBUG org.springframework.test.context.BootstrapUtils - Instantiating CacheAwareContextLoaderDelegate from class [org.springframework.test.context.cache.DefaultCacheAwareContextLoaderDelegate]
22:46:35.630 [Test worker] DEBUG org.springframework.test.context.BootstrapUtils - Instantiating BootstrapContext using constructor [public org.springframework.test.context.support.DefaultBootstrapContext(java.lang.Class,org.springframework.test.context.CacheAwareContextLoaderDelegate)]
22:46:35.642 [Test worker] DEBUG org.springframework.test.context.BootstrapUtils - Instantiating TestContextBootstrapper for test class [com.example.calculator.CalculatorApplicationTests] from class [org.springframework.boot.test.context.SpringBootTestContextBootstrapper]
22:46:35.645 [Test worker] INFO org.springframework.boot.test.context.SpringBootTestContextBootstrapper - Neither @ContextConfiguration nor @ContextHierarchy found for test class [com.example.calculator.CalculatorApplicationTests], using SpringBootContextLoader
22:46:35.647 [Test worker] DEBUG org.springframework.test.context.support.AbstractContextLoader - Did not detect default resource location for test class [com.example.calculator.CalculatorApplicationTests]: class path resource [com/example/calculator/CalculatorApplicationTests-context.xml] does not exist
22:46:35.647 [Test worker] DEBUG org.springframework.test.context.support.AbstractContextLoader - Did not detect default resource location for test class [com.example.calculator.CalculatorApplicationTests]: class path resource [com/example/calculator/CalculatorApplicationTestsContext.groovy] does not exist
22:46:35.647 [Test worker] INFO org.springframework.test.context.support.AbstractContextLoader - Could not detect default resource locations for test class [com.example.calculator.CalculatorApplicationTests]: no resource found for suffixes {-context.xml, Context.groovy}.
22:46:35.647 [Test worker] INFO org.springframework.test.context.support.AnnotationConfigContextLoaderUtils - Could not detect default configuration classes for test class [com.example.calculator.CalculatorApplicationTests]: CalculatorApplicationTests does not declare any static, non-private, non-final, nested classes annotated with @Configuration.
22:46:35.659 [Test worker] DEBUG org.springframework.test.context.support.ActiveProfilesUtils - Could not find an 'annotation declaring class' for annotation type [org.springframework.test.context.ActiveProfiles] and class [com.example.calculator.CalculatorApplicationTests]
22:46:35.679 [Test worker] DEBUG org.springframework.context.annotation.ClassPathScanningCandidateComponentProvider - Identified candidate component class: file [/Users/sehyun/Desktop/jenkins-practice/calculator/build/classes/java/main/com/example/calculator/CalculatorApplication.class]
22:46:35.684 [Test worker] INFO org.springframework.boot.test.context.SpringBootTestContextBootstrapper - Found @SpringBootConfiguration com.example.calculator.CalculatorApplication for test class com.example.calculator.CalculatorApplicationTests
22:46:35.713 [Test worker] DEBUG org.springframework.boot.test.context.SpringBootTestContextBootstrapper - @TestExecutionListeners is not present for class [com.example.calculator.CalculatorApplicationTests]: using defaults.
22:46:35.713 [Test worker] INFO org.springframework.boot.test.context.SpringBootTestContextBootstrapper - Loaded default TestExecutionListener class names from location [META-INF/spring.factories]: [org.springframework.boot.test.autoconfigure.restdocs.RestDocsTestExecutionListener, org.springframework.boot.test.autoconfigure.web.client.MockRestServiceServerResetTestExecutionListener, org.springframework.boot.test.autoconfigure.web.servlet.MockMvcPrintOnlyOnFailureTestExecutionListener, org.springframework.boot.test.autoconfigure.web.servlet.WebDriverTestExecutionListener, org.springframework.boot.test.autoconfigure.webservices.client.MockWebServiceServerTestExecutionListener, org.springframework.boot.test.mock.mockito.MockitoTestExecutionListener, org.springframework.boot.test.mock.mockito.ResetMocksTestExecutionListener, org.springframework.test.context.web.ServletTestExecutionListener, org.springframework.test.context.support.DirtiesContextBeforeModesTestExecutionListener, org.springframework.test.context.event.ApplicationEventsTestExecutionListener, org.springframework.test.context.support.DependencyInjectionTestExecutionListener, org.springframework.test.context.support.DirtiesContextTestExecutionListener, org.springframework.test.context.transaction.TransactionalTestExecutionListener, org.springframework.test.context.jdbc.SqlScriptsTestExecutionListener, org.springframework.test.context.event.EventPublishingTestExecutionListener]
22:46:35.716 [Test worker] DEBUG org.springframework.boot.test.context.SpringBootTestContextBootstrapper - Skipping candidate TestExecutionListener [org.springframework.test.context.transaction.TransactionalTestExecutionListener] due to a missing dependency. Specify custom listener classes or make the default listener classes and their required dependencies available. Offending class: [org/springframework/transaction/interceptor/TransactionAttributeSource]
22:46:35.716 [Test worker] DEBUG org.springframework.boot.test.context.SpringBootTestContextBootstrapper - Skipping candidate TestExecutionListener [org.springframework.test.context.jdbc.SqlScriptsTestExecutionListener] due to a missing dependency. Specify custom listener classes or make the default listener classes and their required dependencies available. Offending class: [org/springframework/transaction/interceptor/TransactionAttribute]
22:46:35.717 [Test worker] INFO org.springframework.boot.test.context.SpringBootTestContextBootstrapper - Using TestExecutionListeners: [org.springframework.test.context.web.ServletTestExecutionListener@2c01142, org.springframework.test.context.support.DirtiesContextBeforeModesTestExecutionListener@66c8e761, org.springframework.test.context.event.ApplicationEventsTestExecutionListener@21c258d1, org.springframework.boot.test.mock.mockito.MockitoTestExecutionListener@7b24bee5, org.springframework.boot.test.autoconfigure.SpringBootDependencyInjectionTestExecutionListener@79ecfac2, org.springframework.test.context.support.DirtiesContextTestExecutionListener@58bef971, org.springframework.test.context.event.EventPublishingTestExecutionListener@6b092667, org.springframework.boot.test.autoconfigure.restdocs.RestDocsTestExecutionListener@35847e75, org.springframework.boot.test.autoconfigure.web.client.MockRestServiceServerResetTestExecutionListener@2b20b8ed, org.springframework.boot.test.autoconfigure.web.servlet.MockMvcPrintOnlyOnFailureTestExecutionListener@4fab989, org.springframework.boot.test.autoconfigure.web.servlet.WebDriverTestExecutionListener@26628d6f, org.springframework.boot.test.autoconfigure.webservices.client.MockWebServiceServerTestExecutionListener@30832800, org.springframework.boot.test.mock.mockito.ResetMocksTestExecutionListener@1e4a092d]
22:46:35.718 [Test worker] DEBUG org.springframework.test.context.support.AbstractDirtiesContextTestExecutionListener - Before test class: context [DefaultTestContext@1a6ca3c9 testClass = CalculatorApplicationTests, testInstance = [null], testMethod = [null], testException = [null], mergedContextConfiguration = [WebMergedContextConfiguration@1f34eec8 testClass = CalculatorApplicationTests, locations = '{}', classes = '{class com.example.calculator.CalculatorApplication}', contextInitializerClasses = '[]', activeProfiles = '{}', propertySourceLocations = '{}', propertySourceProperties = '{org.springframework.boot.test.context.SpringBootTestContextBootstrapper=true}', contextCustomizers = set[org.springframework.boot.test.autoconfigure.actuate.metrics.MetricsExportContextCustomizerFactory$DisableMetricExportContextCustomizer@3ca3b502, org.springframework.boot.test.autoconfigure.properties.PropertyMappingContextCustomizer@0, org.springframework.boot.test.autoconfigure.web.servlet.WebDriverContextCustomizerFactory$Customizer@53f68bf5, org.springframework.boot.test.context.filter.ExcludeFilterContextCustomizer@739f6219, org.springframework.boot.test.json.DuplicateJsonObjectContextCustomizerFactory$DuplicateJsonObjectContextCustomizer@5025c484, org.springframework.boot.test.mock.mockito.MockitoContextCustomizer@0, org.springframework.boot.test.web.client.TestRestTemplateContextCustomizer@7c0f8bc5, org.springframework.boot.test.context.SpringBootTestArgs@1, org.springframework.boot.test.context.SpringBootTestWebEnvironment@1c50c9ba], resourceBasePath = 'src/main/webapp', contextLoader = 'org.springframework.boot.test.context.SpringBootContextLoader', parent = [null]], attributes = map['org.springframework.test.context.web.ServletTestExecutionListener.activateListener' -> true]], class annotated with @DirtiesContext [false] with mode [null].

  .   ____          _            __ _ _
 /\\ / ___'_ __ _ _(_)_ __  __ _ \ \ \ \
( ( )\___ | '_ | '_| | '_ \/ _` | \ \ \ \
 \\/  ___)| |_)| | | | | || (_| |  ) ) ) )
  '  |____| .__|_| |_|_| |_\__, | / / / /
 =========|_|==============|___/=/_/_/_/
 :: Spring Boot ::               (v2.7.14)

2024-02-03 22:46:36.020  INFO 52909 --- [    Test worker] c.e.c.CalculatorApplicationTests         : Starting CalculatorApplicationTests using Java 17.0.2 on llllllllllllllllllll.local with PID 52909 (started by sehyun in /Users/sehyun/Desktop/jenkins-practice/calculator)
2024-02-03 22:46:36.020  INFO 52909 --- [    Test worker] c.e.c.CalculatorApplicationTests         : No active profile set, falling back to 1 default profile: "default"
2024-02-03 22:46:36.508  INFO 52909 --- [    Test worker] c.e.c.CalculatorApplicationTests         : Started CalculatorApplicationTests in 0.777 seconds (JVM running for 1.154)
]]></system-out>
  <system-err><![CDATA[]]></system-err>
</testsuite>
